# ["--N=20", "--n_epochs=150", "--batch_size=32", "--lr=0.001", "--n_symbols=200", "--receiver_embed_dim=64", "--temperature=1.5", "--temp_decay=1", "--one_hot=0", "--n_layers=1"]
Namespace(N=20, batch_size=32, checkpoint_dir=None, checkpoint_freq=0, cuda=True, data_scaling=50, device=device(type='cuda'), distributed_context=DistributedContext(is_distributed=False, rank=0, local_rank=0, world_size=1, mode='none'), distributed_port=18363, early_stopping_acc=0.99, fp16=False, load_from_checkpoint=None, lr=0.001, max_len=1, n_epochs=150, n_layers=1, n_runs=1, n_summands=2, n_symbols=200, no_cuda=False, one_hot=0, optimizer='adam', preemptable=False, random_seed=1083178511, receiver_embed_dim=64, save_run=0, temp_decay=1.0, temperature=1.5, tensorboard=False, tensorboard_dir='runs/', test_split=0.1, update_freq=1, validation_freq=1, vocab_size=10)
Namespace(N=20, batch_size=32, checkpoint_dir=None, checkpoint_freq=0, cuda=True, data_scaling=50, device=device(type='cuda'), distributed_context=DistributedContext(is_distributed=False, rank=0, local_rank=0, world_size=1, mode='none'), distributed_port=18363, early_stopping_acc=0.99, fp16=False, load_from_checkpoint=None, lr=0.001, max_len=1, n_epochs=150, n_layers=1, n_runs=1, n_summands=2, n_symbols=200, no_cuda=False, one_hot=False, optimizer='adam', preemptable=False, random_seed=1083178511, receiver_embed_dim=64, save_run=False, temp_decay=1.0, temperature=1.5, tensorboard=False, tensorboard_dir='runs/', test_split=0.1, update_freq=1, validation_freq=1, vocab_size=10)
train: epoch 1, loss 3.1075234413146973, acc=0.08649999648332596, loss=3.1075234413146973
test: epoch 1, loss 4.283008575439453, acc=0.04722222313284874, loss=4.283008575439453
train: epoch 2, loss 2.660006523132324, acc=0.13750000298023224, loss=2.660006523132324
test: epoch 2, loss 5.021404266357422, acc=0.04722222313284874, loss=5.021404266357422
train: epoch 3, loss 2.533827066421509, acc=0.16011111438274384, loss=2.533827066421509
test: epoch 3, loss 5.456434726715088, acc=0.04722222313284874, loss=5.456434726715088
train: epoch 4, loss 2.4505271911621094, acc=0.17149999737739563, loss=2.4505271911621094
test: epoch 4, loss 5.832540512084961, acc=0.04722222313284874, loss=5.832540512084961
train: epoch 5, loss 2.393413782119751, acc=0.17911110818386078, loss=2.393413782119751
test: epoch 5, loss 6.134297847747803, acc=0.04444444552063942, loss=6.134297847747803
train: epoch 6, loss 2.364027500152588, acc=0.18766666948795319, loss=2.364027500152588
test: epoch 6, loss 6.330118179321289, acc=0.04722222313284874, loss=6.330118179321289
train: epoch 7, loss 2.3075830936431885, acc=0.19288888573646545, loss=2.3075830936431885
test: epoch 7, loss 6.636096477508545, acc=0.04444444552063942, loss=6.636096477508545
train: epoch 8, loss 2.2913448810577393, acc=0.20144444704055786, loss=2.2913448810577393
test: epoch 8, loss 6.6494221687316895, acc=0.04444444552063942, loss=6.6494221687316895
train: epoch 9, loss 2.259901523590088, acc=0.21044445037841797, loss=2.259901523590088
test: epoch 9, loss 6.968050479888916, acc=0.04722222313284874, loss=6.968050479888916
train: epoch 10, loss 2.2349064350128174, acc=0.2157222181558609, loss=2.2349064350128174
test: epoch 10, loss 7.196569919586182, acc=0.04722222313284874, loss=7.196569919586182
train: epoch 11, loss 2.2152762413024902, acc=0.2157222181558609, loss=2.2152762413024902
test: epoch 11, loss 7.328334808349609, acc=0.04444444552063942, loss=7.328334808349609
train: epoch 12, loss 2.2082889080047607, acc=0.2148333340883255, loss=2.2082889080047607
test: epoch 12, loss 7.40761137008667, acc=0.0416666679084301, loss=7.40761137008667
train: epoch 13, loss 2.182065963745117, acc=0.22461111843585968, loss=2.182065963745117
test: epoch 13, loss 7.710909843444824, acc=0.04444444552063942, loss=7.710909843444824
train: epoch 14, loss 2.1715285778045654, acc=0.22599999606609344, loss=2.1715285778045654
test: epoch 14, loss 7.2947492599487305, acc=0.0416666679084301, loss=7.2947492599487305
train: epoch 15, loss 2.1608002185821533, acc=0.2303333282470703, loss=2.1608002185821533
test: epoch 15, loss 7.585848331451416, acc=0.03888889029622078, loss=7.585848331451416
train: epoch 16, loss 2.1377484798431396, acc=0.23499999940395355, loss=2.1377484798431396
test: epoch 16, loss 7.569178581237793, acc=0.0416666679084301, loss=7.569178581237793
train: epoch 17, loss 2.1238222122192383, acc=0.24183332920074463, loss=2.1238222122192383
test: epoch 17, loss 7.649624347686768, acc=0.0416666679084301, loss=7.649624347686768
train: epoch 18, loss 2.0980756282806396, acc=0.24455556273460388, loss=2.0980756282806396
test: epoch 18, loss 7.558132648468018, acc=0.03611111268401146, loss=7.558132648468018
train: epoch 19, loss 2.0988714694976807, acc=0.24094444513320923, loss=2.0988714694976807
test: epoch 19, loss 7.6203083992004395, acc=0.04722222313284874, loss=7.6203083992004395
train: epoch 20, loss 2.0883145332336426, acc=0.24455556273460388, loss=2.0883145332336426
test: epoch 20, loss 7.839199542999268, acc=0.0416666679084301, loss=7.839199542999268
train: epoch 21, loss 2.0710926055908203, acc=0.2483888864517212, loss=2.0710926055908203
test: epoch 21, loss 7.723219394683838, acc=0.04444444552063942, loss=7.723219394683838
train: epoch 22, loss 2.0634448528289795, acc=0.24977777898311615, loss=2.0634448528289795
test: epoch 22, loss 7.493136882781982, acc=0.03333333507180214, loss=7.493136882781982
train: epoch 23, loss 2.0532712936401367, acc=0.25949999690055847, loss=2.0532712936401367
test: epoch 23, loss 7.603421688079834, acc=0.02777777798473835, loss=7.603421688079834
train: epoch 24, loss 2.050684690475464, acc=0.25772222876548767, loss=2.050684690475464
test: epoch 24, loss 7.5137248039245605, acc=0.03611111268401146, loss=7.5137248039245605
train: epoch 25, loss 2.0350911617279053, acc=0.25522223114967346, loss=2.0350911617279053
test: epoch 25, loss 7.673390865325928, acc=0.02777777798473835, loss=7.673390865325928
train: epoch 26, loss 2.017789840698242, acc=0.2609444558620453, loss=2.017789840698242
test: epoch 26, loss 7.923501968383789, acc=0.02777777798473835, loss=7.923501968383789
train: epoch 27, loss 2.0077829360961914, acc=0.2668333351612091, loss=2.0077829360961914
test: epoch 27, loss 7.743529319763184, acc=0.02777777798473835, loss=7.743529319763184
train: epoch 28, loss 1.9983335733413696, acc=0.26688888669013977, loss=1.9983335733413696
test: epoch 28, loss 8.002958297729492, acc=0.03333333507180214, loss=8.002958297729492
train: epoch 29, loss 1.9949662685394287, acc=0.269777774810791, loss=1.9949662685394287
test: epoch 29, loss 7.8181023597717285, acc=0.03055555559694767, loss=7.8181023597717285
train: epoch 30, loss 1.9815529584884644, acc=0.27327778935432434, loss=1.9815529584884644
test: epoch 30, loss 7.716383457183838, acc=0.03333333507180214, loss=7.716383457183838
train: epoch 31, loss 1.9779878854751587, acc=0.2722777724266052, loss=1.9779878854751587
test: epoch 31, loss 7.826533317565918, acc=0.03055555559694767, loss=7.826533317565918
train: epoch 32, loss 1.9630645513534546, acc=0.2800000011920929, loss=1.9630645513534546
test: epoch 32, loss 7.897222518920898, acc=0.03333333507180214, loss=7.897222518920898
train: epoch 33, loss 1.9469059705734253, acc=0.28261110186576843, loss=1.9469059705734253
test: epoch 33, loss 7.996406078338623, acc=0.0416666679084301, loss=7.996406078338623
train: epoch 34, loss 1.9739091396331787, acc=0.2727777659893036, loss=1.9739091396331787
test: epoch 34, loss 7.650947093963623, acc=0.03055555559694767, loss=7.650947093963623
train: epoch 35, loss 1.954407811164856, acc=0.27711111307144165, loss=1.954407811164856
test: epoch 35, loss 7.922322750091553, acc=0.03888889029622078, loss=7.922322750091553
train: epoch 36, loss 1.9322490692138672, acc=0.2843888998031616, loss=1.9322490692138672
test: epoch 36, loss 7.852546215057373, acc=0.03333333507180214, loss=7.852546215057373
train: epoch 37, loss 1.9385056495666504, acc=0.28600001335144043, loss=1.9385056495666504
test: epoch 37, loss 7.961949348449707, acc=0.03611111268401146, loss=7.961949348449707
train: epoch 38, loss 1.9274076223373413, acc=0.2863333225250244, loss=1.9274076223373413
test: epoch 38, loss 7.828938961029053, acc=0.03333333507180214, loss=7.828938961029053
train: epoch 39, loss 1.9197282791137695, acc=0.28955554962158203, loss=1.9197282791137695
test: epoch 39, loss 7.978764057159424, acc=0.03611111268401146, loss=7.978764057159424
train: epoch 40, loss 1.9066635370254517, acc=0.2930000126361847, loss=1.9066635370254517
test: epoch 40, loss 7.8309645652771, acc=0.03888889029622078, loss=7.8309645652771
train: epoch 41, loss 1.9057062864303589, acc=0.2923888862133026, loss=1.9057062864303589
test: epoch 41, loss 7.907537937164307, acc=0.03333333507180214, loss=7.907537937164307
train: epoch 42, loss 1.8893308639526367, acc=0.29466667771339417, loss=1.8893308639526367
test: epoch 42, loss 8.103472709655762, acc=0.03055555559694767, loss=8.103472709655762
train: epoch 43, loss 1.8934077024459839, acc=0.2930000126361847, loss=1.8934077024459839
test: epoch 43, loss 7.9805192947387695, acc=0.02500000037252903, loss=7.9805192947387695
train: epoch 44, loss 1.8809882402420044, acc=0.2944999933242798, loss=1.8809882402420044
test: epoch 44, loss 8.141606330871582, acc=0.03611111268401146, loss=8.141606330871582
train: epoch 45, loss 1.8732396364212036, acc=0.3000555634498596, loss=1.8732396364212036
test: epoch 45, loss 8.046684265136719, acc=0.02777777798473835, loss=8.046684265136719
train: epoch 46, loss 1.877905249595642, acc=0.30000001192092896, loss=1.877905249595642
test: epoch 46, loss 8.1303129196167, acc=0.02500000037252903, loss=8.1303129196167
train: epoch 47, loss 1.8668744564056396, acc=0.30344444513320923, loss=1.8668744564056396
test: epoch 47, loss 8.050996780395508, acc=0.03055555559694767, loss=8.050996780395508
train: epoch 48, loss 1.8597135543823242, acc=0.3001111149787903, loss=1.8597135543823242
test: epoch 48, loss 8.399032592773438, acc=0.02500000037252903, loss=8.399032592773438
train: epoch 49, loss 1.8611512184143066, acc=0.3079444468021393, loss=1.8611512184143066
test: epoch 49, loss 8.283568382263184, acc=0.02777777798473835, loss=8.283568382263184
train: epoch 50, loss 1.846321702003479, acc=0.3073333203792572, loss=1.846321702003479
test: epoch 50, loss 8.261751174926758, acc=0.02777777798473835, loss=8.261751174926758
train: epoch 51, loss 1.8502602577209473, acc=0.3101111054420471, loss=1.8502602577209473
test: epoch 51, loss 8.313108444213867, acc=0.02777777798473835, loss=8.313108444213867
train: epoch 52, loss 1.8466012477874756, acc=0.3114444315433502, loss=1.8466012477874756
test: epoch 52, loss 8.18241024017334, acc=0.02777777798473835, loss=8.18241024017334
train: epoch 53, loss 1.830449104309082, acc=0.3146111071109772, loss=1.830449104309082
test: epoch 53, loss 8.304027557373047, acc=0.02777777798473835, loss=8.304027557373047
train: epoch 54, loss 1.8186885118484497, acc=0.3135555684566498, loss=1.8186885118484497
test: epoch 54, loss 8.549625396728516, acc=0.03055555559694767, loss=8.549625396728516
train: epoch 55, loss 1.8341249227523804, acc=0.31683334708213806, loss=1.8341249227523804
test: epoch 55, loss 8.751211166381836, acc=0.03055555559694767, loss=8.751211166381836
train: epoch 56, loss 1.8220386505126953, acc=0.316611111164093, loss=1.8220386505126953
test: epoch 56, loss 8.325164794921875, acc=0.03333333507180214, loss=8.325164794921875
train: epoch 57, loss 1.815688133239746, acc=0.316388875246048, loss=1.815688133239746
test: epoch 57, loss 8.382820129394531, acc=0.02777777798473835, loss=8.382820129394531
train: epoch 58, loss 1.8125536441802979, acc=0.3153333365917206, loss=1.8125536441802979
test: epoch 58, loss 8.549160957336426, acc=0.02500000037252903, loss=8.549160957336426
train: epoch 59, loss 1.809010624885559, acc=0.32127776741981506, loss=1.809010624885559
test: epoch 59, loss 8.851165771484375, acc=0.03055555559694767, loss=8.851165771484375
train: epoch 60, loss 1.800352931022644, acc=0.32749998569488525, loss=1.800352931022644
test: epoch 60, loss 8.714855194091797, acc=0.02777777798473835, loss=8.714855194091797
train: epoch 61, loss 1.7955400943756104, acc=0.32394444942474365, loss=1.7955400943756104
test: epoch 61, loss 8.520889282226562, acc=0.03055555559694767, loss=8.520889282226562
train: epoch 62, loss 1.78549325466156, acc=0.3265555500984192, loss=1.78549325466156
test: epoch 62, loss 8.518972396850586, acc=0.02500000037252903, loss=8.518972396850586
train: epoch 63, loss 1.798309087753296, acc=0.3275555670261383, loss=1.798309087753296
test: epoch 63, loss 8.25450325012207, acc=0.02500000037252903, loss=8.25450325012207
train: epoch 64, loss 1.7848128080368042, acc=0.32927778363227844, loss=1.7848128080368042
test: epoch 64, loss 8.226140975952148, acc=0.02777777798473835, loss=8.226140975952148
train: epoch 65, loss 1.7737833261489868, acc=0.3367222249507904, loss=1.7737833261489868
test: epoch 65, loss 8.622589111328125, acc=0.02500000037252903, loss=8.622589111328125
train: epoch 66, loss 1.7801494598388672, acc=0.33472222089767456, loss=1.7801494598388672
test: epoch 66, loss 8.571457862854004, acc=0.02500000037252903, loss=8.571457862854004
train: epoch 67, loss 1.771812915802002, acc=0.3384999930858612, loss=1.771812915802002
test: epoch 67, loss 8.604656219482422, acc=0.02777777798473835, loss=8.604656219482422
train: epoch 68, loss 1.77979576587677, acc=0.3352222144603729, loss=1.77979576587677
test: epoch 68, loss 8.729058265686035, acc=0.02500000037252903, loss=8.729058265686035
train: epoch 69, loss 1.759909749031067, acc=0.3377777636051178, loss=1.759909749031067
test: epoch 69, loss 8.23348331451416, acc=0.03611111268401146, loss=8.23348331451416
train: epoch 70, loss 1.7689268589019775, acc=0.3353888988494873, loss=1.7689268589019775
test: epoch 70, loss 8.412896156311035, acc=0.03611111268401146, loss=8.412896156311035
train: epoch 71, loss 1.7716728448867798, acc=0.3376111090183258, loss=1.7716728448867798
test: epoch 71, loss 8.092558860778809, acc=0.03055555559694767, loss=8.092558860778809
train: epoch 72, loss 1.7505911588668823, acc=0.3411666750907898, loss=1.7505911588668823
test: epoch 72, loss 8.798759460449219, acc=0.02777777798473835, loss=8.798759460449219
train: epoch 73, loss 1.7538223266601562, acc=0.33888888359069824, loss=1.7538223266601562
test: epoch 73, loss 8.763519287109375, acc=0.02500000037252903, loss=8.763519287109375
train: epoch 74, loss 1.7453199625015259, acc=0.34450000524520874, loss=1.7453199625015259
test: epoch 74, loss 8.532003402709961, acc=0.02500000037252903, loss=8.532003402709961
train: epoch 75, loss 1.751859188079834, acc=0.34194445610046387, loss=1.751859188079834
test: epoch 75, loss 8.323600769042969, acc=0.02500000037252903, loss=8.323600769042969
train: epoch 76, loss 1.7378438711166382, acc=0.3479999899864197, loss=1.7378438711166382
test: epoch 76, loss 8.65481948852539, acc=0.02500000037252903, loss=8.65481948852539
train: epoch 77, loss 1.7363038063049316, acc=0.3458888828754425, loss=1.7363038063049316
test: epoch 77, loss 8.564558029174805, acc=0.02500000037252903, loss=8.564558029174805
train: epoch 78, loss 1.7389354705810547, acc=0.34555554389953613, loss=1.7389354705810547
test: epoch 78, loss 8.833438873291016, acc=0.02777777798473835, loss=8.833438873291016
train: epoch 79, loss 1.740693211555481, acc=0.3451666533946991, loss=1.740693211555481
test: epoch 79, loss 8.441840171813965, acc=0.02500000037252903, loss=8.441840171813965
train: epoch 80, loss 1.7295920848846436, acc=0.35322222113609314, loss=1.7295920848846436
test: epoch 80, loss 8.847196578979492, acc=0.02500000037252903, loss=8.847196578979492
train: epoch 81, loss 1.7199978828430176, acc=0.35511112213134766, loss=1.7199978828430176
test: epoch 81, loss 9.176487922668457, acc=0.02500000037252903, loss=9.176487922668457
train: epoch 82, loss 1.735547661781311, acc=0.35244444012641907, loss=1.735547661781311
test: epoch 82, loss 8.83609676361084, acc=0.02777777798473835, loss=8.83609676361084
train: epoch 83, loss 1.7102062702178955, acc=0.3569444417953491, loss=1.7102062702178955
test: epoch 83, loss 8.915904998779297, acc=0.02500000037252903, loss=8.915904998779297
train: epoch 84, loss 1.7186062335968018, acc=0.35244444012641907, loss=1.7186062335968018
test: epoch 84, loss 9.196794509887695, acc=0.02500000037252903, loss=9.196794509887695
train: epoch 85, loss 1.714603304862976, acc=0.3562777638435364, loss=1.714603304862976
test: epoch 85, loss 8.982870101928711, acc=0.02500000037252903, loss=8.982870101928711
train: epoch 86, loss 1.7228754758834839, acc=0.355777770280838, loss=1.7228754758834839
test: epoch 86, loss 8.81393814086914, acc=0.02500000037252903, loss=8.81393814086914
train: epoch 87, loss 1.6999647617340088, acc=0.35705554485321045, loss=1.6999647617340088
test: epoch 87, loss 8.889739990234375, acc=0.02500000037252903, loss=8.889739990234375
train: epoch 88, loss 1.7203203439712524, acc=0.36177778244018555, loss=1.7203203439712524
test: epoch 88, loss 9.02975845336914, acc=0.02222222276031971, loss=9.02975845336914
train: epoch 89, loss 1.6996468305587769, acc=0.36000001430511475, loss=1.6996468305587769
test: epoch 89, loss 8.104714393615723, acc=0.02222222276031971, loss=8.104714393615723
train: epoch 90, loss 1.694488763809204, acc=0.3614444434642792, loss=1.694488763809204
test: epoch 90, loss 8.757232666015625, acc=0.02222222276031971, loss=8.757232666015625
train: epoch 91, loss 1.6915186643600464, acc=0.3640555441379547, loss=1.6915186643600464
test: epoch 91, loss 8.594976425170898, acc=0.03055555559694767, loss=8.594976425170898
train: epoch 92, loss 1.6905887126922607, acc=0.3655555546283722, loss=1.6905887126922607
test: epoch 92, loss 8.852355003356934, acc=0.02500000037252903, loss=8.852355003356934
train: epoch 93, loss 1.6844428777694702, acc=0.3616666793823242, loss=1.6844428777694702
test: epoch 93, loss 9.104141235351562, acc=0.03055555559694767, loss=9.104141235351562
train: epoch 94, loss 1.6696853637695312, acc=0.367166668176651, loss=1.6696853637695312
test: epoch 94, loss 8.38054370880127, acc=0.02222222276031971, loss=8.38054370880127
train: epoch 95, loss 1.6607439517974854, acc=0.37283334136009216, loss=1.6607439517974854
test: epoch 95, loss 9.0687255859375, acc=0.02222222276031971, loss=9.0687255859375
train: epoch 96, loss 1.6856160163879395, acc=0.36516666412353516, loss=1.6856160163879395
test: epoch 96, loss 8.958489418029785, acc=0.02222222276031971, loss=8.958489418029785
train: epoch 97, loss 1.6660221815109253, acc=0.3714999854564667, loss=1.6660221815109253
test: epoch 97, loss 9.330467224121094, acc=0.03055555559694767, loss=9.330467224121094
train: epoch 98, loss 1.6674683094024658, acc=0.3737777769565582, loss=1.6674683094024658
test: epoch 98, loss 9.1354398727417, acc=0.02222222276031971, loss=9.1354398727417
train: epoch 99, loss 1.6635643243789673, acc=0.3658333420753479, loss=1.6635643243789673
test: epoch 99, loss 8.706680297851562, acc=0.02222222276031971, loss=8.706680297851562
train: epoch 100, loss 1.67476224899292, acc=0.3715555667877197, loss=1.67476224899292
test: epoch 100, loss 8.870588302612305, acc=0.02222222276031971, loss=8.870588302612305
train: epoch 101, loss 1.6606649160385132, acc=0.37833333015441895, loss=1.6606649160385132
test: epoch 101, loss 8.87586784362793, acc=0.02222222276031971, loss=8.87586784362793
train: epoch 102, loss 1.6753586530685425, acc=0.37877777218818665, loss=1.6753586530685425
test: epoch 102, loss 9.125748634338379, acc=0.02222222276031971, loss=9.125748634338379
train: epoch 103, loss 1.6606519222259521, acc=0.3798333406448364, loss=1.6606519222259521
test: epoch 103, loss 8.987833023071289, acc=0.02500000037252903, loss=8.987833023071289
train: epoch 104, loss 1.6537576913833618, acc=0.3736666738986969, loss=1.6537576913833618
test: epoch 104, loss 8.937252044677734, acc=0.02222222276031971, loss=8.937252044677734
train: epoch 105, loss 1.6500385999679565, acc=0.37522223591804504, loss=1.6500385999679565
test: epoch 105, loss 8.734489440917969, acc=0.02222222276031971, loss=8.734489440917969
train: epoch 106, loss 1.6531873941421509, acc=0.3810555636882782, loss=1.6531873941421509
test: epoch 106, loss 8.961800575256348, acc=0.02222222276031971, loss=8.961800575256348
train: epoch 107, loss 1.657209038734436, acc=0.3803333342075348, loss=1.657209038734436
test: epoch 107, loss 8.981865882873535, acc=0.02222222276031971, loss=8.981865882873535
train: epoch 108, loss 1.6348260641098022, acc=0.38572221994400024, loss=1.6348260641098022
test: epoch 108, loss 9.123016357421875, acc=0.02222222276031971, loss=9.123016357421875
train: epoch 109, loss 1.652431607246399, acc=0.37861111760139465, loss=1.652431607246399
test: epoch 109, loss 9.027953147888184, acc=0.02777777798473835, loss=9.027953147888184
train: epoch 110, loss 1.634509563446045, acc=0.3859444558620453, loss=1.634509563446045
test: epoch 110, loss 9.318056106567383, acc=0.02222222276031971, loss=9.318056106567383
train: epoch 111, loss 1.6417361497879028, acc=0.38422220945358276, loss=1.6417361497879028
test: epoch 111, loss 9.537731170654297, acc=0.02222222276031971, loss=9.537731170654297
train: epoch 112, loss 1.6400902271270752, acc=0.3776666522026062, loss=1.6400902271270752
test: epoch 112, loss 9.009867668151855, acc=0.02222222276031971, loss=9.009867668151855
train: epoch 113, loss 1.633920669555664, acc=0.38616666197776794, loss=1.633920669555664
test: epoch 113, loss 9.129179000854492, acc=0.02222222276031971, loss=9.129179000854492
train: epoch 114, loss 1.6267372369766235, acc=0.38822221755981445, loss=1.6267372369766235
test: epoch 114, loss 9.54892635345459, acc=0.02222222276031971, loss=9.54892635345459
train: epoch 115, loss 1.629391074180603, acc=0.3866666555404663, loss=1.629391074180603
test: epoch 115, loss 9.585878372192383, acc=0.02222222276031971, loss=9.585878372192383
train: epoch 116, loss 1.6234931945800781, acc=0.38616666197776794, loss=1.6234931945800781
test: epoch 116, loss 9.278282165527344, acc=0.02222222276031971, loss=9.278282165527344
train: epoch 117, loss 1.6162747144699097, acc=0.3925555646419525, loss=1.6162747144699097
test: epoch 117, loss 9.440062522888184, acc=0.02222222276031971, loss=9.440062522888184
train: epoch 118, loss 1.608963131904602, acc=0.39061111211776733, loss=1.608963131904602
test: epoch 118, loss 9.49268627166748, acc=0.02222222276031971, loss=9.49268627166748
train: epoch 119, loss 1.6177804470062256, acc=0.38927778601646423, loss=1.6177804470062256
test: epoch 119, loss 9.710410118103027, acc=0.02222222276031971, loss=9.710410118103027
train: epoch 120, loss 1.6160553693771362, acc=0.3893333375453949, loss=1.6160553693771362
test: epoch 120, loss 9.646137237548828, acc=0.02222222276031971, loss=9.646137237548828
train: epoch 121, loss 1.6122578382492065, acc=0.38938888907432556, loss=1.6122578382492065
test: epoch 121, loss 9.392667770385742, acc=0.02222222276031971, loss=9.392667770385742
train: epoch 122, loss 1.5996874570846558, acc=0.3930555582046509, loss=1.5996874570846558
test: epoch 122, loss 9.75033950805664, acc=0.02222222276031971, loss=9.75033950805664
train: epoch 123, loss 1.6029679775238037, acc=0.38877779245376587, loss=1.6029679775238037
test: epoch 123, loss 9.595500946044922, acc=0.02222222276031971, loss=9.595500946044922
train: epoch 124, loss 1.6217926740646362, acc=0.39100000262260437, loss=1.6217926740646362
test: epoch 124, loss 9.669500350952148, acc=0.02222222276031971, loss=9.669500350952148
train: epoch 125, loss 1.6036803722381592, acc=0.39472222328186035, loss=1.6036803722381592
test: epoch 125, loss 9.508933067321777, acc=0.02222222276031971, loss=9.508933067321777
train: epoch 126, loss 1.593150019645691, acc=0.3919999897480011, loss=1.593150019645691
test: epoch 126, loss 9.532689094543457, acc=0.02222222276031971, loss=9.532689094543457
train: epoch 127, loss 1.5972955226898193, acc=0.3921666741371155, loss=1.5972955226898193
test: epoch 127, loss 9.565194129943848, acc=0.02222222276031971, loss=9.565194129943848
train: epoch 128, loss 1.5899293422698975, acc=0.39933332800865173, loss=1.5899293422698975
test: epoch 128, loss 9.324462890625, acc=0.02222222276031971, loss=9.324462890625
train: epoch 129, loss 1.5899015665054321, acc=0.39177778363227844, loss=1.5899015665054321
test: epoch 129, loss 9.480978012084961, acc=0.02222222276031971, loss=9.480978012084961
train: epoch 130, loss 1.5805203914642334, acc=0.4030555486679077, loss=1.5805203914642334
test: epoch 130, loss 9.400954246520996, acc=0.02222222276031971, loss=9.400954246520996
train: epoch 131, loss 1.6034070253372192, acc=0.39827778935432434, loss=1.6034070253372192
test: epoch 131, loss 9.136650085449219, acc=0.02222222276031971, loss=9.136650085449219
train: epoch 132, loss 1.60243558883667, acc=0.40005555748939514, loss=1.60243558883667
test: epoch 132, loss 9.282726287841797, acc=0.02222222276031971, loss=9.282726287841797
train: epoch 133, loss 1.5921144485473633, acc=0.40566667914390564, loss=1.5921144485473633
test: epoch 133, loss 9.4772367477417, acc=0.03333333507180214, loss=9.4772367477417
train: epoch 134, loss 1.593509554862976, acc=0.39883333444595337, loss=1.593509554862976
test: epoch 134, loss 9.231188774108887, acc=0.02500000037252903, loss=9.231188774108887
train: epoch 135, loss 1.5755376815795898, acc=0.40577778220176697, loss=1.5755376815795898
test: epoch 135, loss 9.344086647033691, acc=0.03055555559694767, loss=9.344086647033691
train: epoch 136, loss 1.5873781442642212, acc=0.4083888828754425, loss=1.5873781442642212
test: epoch 136, loss 9.641364097595215, acc=0.02222222276031971, loss=9.641364097595215
train: epoch 137, loss 1.572028398513794, acc=0.40166667103767395, loss=1.572028398513794
test: epoch 137, loss 9.083877563476562, acc=0.02222222276031971, loss=9.083877563476562
train: epoch 138, loss 1.580916404724121, acc=0.4073888957500458, loss=1.580916404724121
test: epoch 138, loss 9.368707656860352, acc=0.02222222276031971, loss=9.368707656860352
train: epoch 139, loss 1.573371171951294, acc=0.40833333134651184, loss=1.573371171951294
test: epoch 139, loss 9.289484024047852, acc=0.02222222276031971, loss=9.289484024047852
train: epoch 140, loss 1.5755759477615356, acc=0.40761110186576843, loss=1.5755759477615356
test: epoch 140, loss 9.456341743469238, acc=0.02222222276031971, loss=9.456341743469238
train: epoch 141, loss 1.582389235496521, acc=0.4111666679382324, loss=1.582389235496521
test: epoch 141, loss 9.323965072631836, acc=0.02222222276031971, loss=9.323965072631836
train: epoch 142, loss 1.5672342777252197, acc=0.4117777645587921, loss=1.5672342777252197
test: epoch 142, loss 9.198891639709473, acc=0.02222222276031971, loss=9.198891639709473
train: epoch 143, loss 1.555186152458191, acc=0.4153333306312561, loss=1.555186152458191
test: epoch 143, loss 8.994853973388672, acc=0.02222222276031971, loss=8.994853973388672
train: epoch 144, loss 1.5750771760940552, acc=0.40966665744781494, loss=1.5750771760940552
test: epoch 144, loss 9.082625389099121, acc=0.02222222276031971, loss=9.082625389099121
train: epoch 145, loss 1.5642411708831787, acc=0.4132777750492096, loss=1.5642411708831787
test: epoch 145, loss 9.514460563659668, acc=0.02222222276031971, loss=9.514460563659668
train: epoch 146, loss 1.5534437894821167, acc=0.4160555601119995, loss=1.5534437894821167
test: epoch 146, loss 9.618856430053711, acc=0.02222222276031971, loss=9.618856430053711
train: epoch 147, loss 1.5529049634933472, acc=0.4116666615009308, loss=1.5529049634933472
test: epoch 147, loss 9.569740295410156, acc=0.02222222276031971, loss=9.569740295410156
train: epoch 148, loss 1.5485963821411133, acc=0.4129444360733032, loss=1.5485963821411133
test: epoch 148, loss 9.422785758972168, acc=0.02222222276031971, loss=9.422785758972168
train: epoch 149, loss 1.5652966499328613, acc=0.41572222113609314, loss=1.5652966499328613
test: epoch 149, loss 9.514361381530762, acc=0.02222222276031971, loss=9.514361381530762
train: epoch 150, loss 1.5617574453353882, acc=0.41822221875190735, loss=1.5617574453353882
test: epoch 150, loss 9.503304481506348, acc=0.02222222276031971, loss=9.503304481506348
